{
  "0 debug pnpm:scope": {
    "selected": 1
  },
  "1 error pnpm": {
    "code": "ELIFECYCLE",
    "errno": "ENOENT",
    "syscall": "spawn",
    "file": "sh",
    "pkgid": "saratonite.github.io@5.0.0",
    "stage": "dev",
    "script": "next",
    "pkgname": "saratonite.github.io",
    "err": {
      "name": "pnpm",
      "message": "saratonite.github.io@5.0.0 dev: `next`\nspawn ENOENT",
      "code": "ELIFECYCLE",
      "stack": "pnpm: saratonite.github.io@5.0.0 dev: `next`\nspawn ENOENT\n    at ChildProcess.<anonymous> (/Users/sobha/.nvm/versions/node/v16.13.0/pnpm-global/5/node_modules/.pnpm/pnpm@6.32.3/node_modules/pnpm/dist/pnpm.cjs:92278:22)\n    at ChildProcess.emit (node:events:390:28)\n    at maybeClose (node:internal/child_process:1064:16)\n    at Process.ChildProcess._handle.onexit (node:internal/child_process:301:5)"
    }
  },
  "2 warn pnpm:global": " Local package.json exists, but node_modules missing, did you mean to install?"
}